Microsoft (R) Macro Assembler Version 6.15.8803		    05/19/25 22:28:35
eg0316.asm						     Page 1 - 1


				;eg0303
				include io32.inc
			      C .nolist
			      C .list
			      C 
 00000000			.data
 00000000 49 6E 20 61 20	    srcmsg  byte    'In a major matter, no details are small.', 0    ; 源字符串（以0结尾）
	   6D 61 6A 6F 72
	   20 6D 61 74 74
	   65 72 2C 20 6E
	   6F 20 64 65 74
	   61 69 6C 73 20
	   61 72 65 20 73
	   6D 61 6C 6C 2E
	   00
 00000029  00000029 [		    destmsg byte    (lengthof srcmsg) dup (0)                        ; 目标缓冲区（初始化为0）
	    00
	   ]
 00000000			.code
 00000000			start:
 00000000  BE 00000000 R	    mov    esi, offset srcmsg    ; ESI = 源字符串地址
 00000005  BF 00000029 R	    mov    edi, offset destmsg   ; EDI = 目标缓冲区地址
 0000000A  B9 00000029		    mov    ecx, lengthof srcmsg  ; ECX = 字符串长度（包含结尾的0）
 0000000F  FC			    cld                         ; 清除方向标志（DF=0），地址递增
 00000010  F3/ A4		    rep    movsb                ; 按字节重复传送：将[ESI]复制到[EDI]，直到ECX=0

 00000012  B8 00000029 R	    mov    eax, offset destmsg  ; EAX = 目标字符串地址
 00000017  E8 00000000 E	    call   dispmsg              ; 调用显示字符串的函数
 0000001C			end start
Microsoft (R) Macro Assembler Version 6.15.8803		    05/19/25 22:28:35
eg0316.asm						     Symbols 2 - 1




Macros:

                N a m e                 Type

exit . . . . . . . . . . . . . .	Proc


Segments and Groups:

                N a m e                 Size     Length   Align   Combine Class

FLAT . . . . . . . . . . . . . .	GROUP
_DATA  . . . . . . . . . . . . .	32 Bit	 00000052 Para	  Public  'DATA'	
_TEXT  . . . . . . . . . . . . .	32 Bit	 0000001C Para	  Public  'CODE'	


Procedures,  parameters and locals:

                N a m e                 Type     Value    Attr

$$$00001 . . . . . . . . . . . .	P Near	 00000000 _TEXT	Length= 0000001C Private STDCALL
ExitProcess  . . . . . . . . . .	P Near	 00000000 FLAT	Length= 00000000 External STDCALL


Symbols:

                N a m e                 Type     Value    Attr

@CodeSize  . . . . . . . . . . .	Number	 00000000h   
@DataSize  . . . . . . . . . . .	Number	 00000000h   
@Interface . . . . . . . . . . .	Number	 00000003h   
@Model . . . . . . . . . . . . .	Number	 00000007h   
@code  . . . . . . . . . . . . .	Text   	 _TEXT
@data  . . . . . . . . . . . . .	Text   	 FLAT
@fardata?  . . . . . . . . . . .	Text   	 FLAT
@fardata . . . . . . . . . . . .	Text   	 FLAT
@stack . . . . . . . . . . . . .	Text   	 FLAT
destmsg  . . . . . . . . . . . .	Byte	 00000029 _DATA	
dispbb . . . . . . . . . . . . .	L Near	 00000000 FLAT	External STDCALL
dispbd . . . . . . . . . . . . .	L Near	 00000000 FLAT	External STDCALL
dispbw . . . . . . . . . . . . .	L Near	 00000000 FLAT	External STDCALL
dispcrlf . . . . . . . . . . . .	L Near	 00000000 FLAT	External STDCALL
dispc  . . . . . . . . . . . . .	L Near	 00000000 FLAT	External STDCALL
disphb . . . . . . . . . . . . .	L Near	 00000000 FLAT	External STDCALL
disphd . . . . . . . . . . . . .	L Near	 00000000 FLAT	External STDCALL
disphw . . . . . . . . . . . . .	L Near	 00000000 FLAT	External STDCALL
dispmsg  . . . . . . . . . . . .	L Near	 00000000 FLAT	External STDCALL
disprb . . . . . . . . . . . . .	L Near	 00000000 FLAT	External STDCALL
disprd . . . . . . . . . . . . .	L Near	 00000000 FLAT	External STDCALL
disprf . . . . . . . . . . . . .	L Near	 00000000 FLAT	External STDCALL
disprw . . . . . . . . . . . . .	L Near	 00000000 FLAT	External STDCALL
dispsib  . . . . . . . . . . . .	L Near	 00000000 FLAT	External STDCALL
dispsid  . . . . . . . . . . . .	L Near	 00000000 FLAT	External STDCALL
dispsiw  . . . . . . . . . . . .	L Near	 00000000 FLAT	External STDCALL
dispuib  . . . . . . . . . . . .	L Near	 00000000 FLAT	External STDCALL
dispuid  . . . . . . . . . . . .	L Near	 00000000 FLAT	External STDCALL
dispuiw  . . . . . . . . . . . .	L Near	 00000000 FLAT	External STDCALL
readbb . . . . . . . . . . . . .	L Near	 00000000 FLAT	External STDCALL
readbd . . . . . . . . . . . . .	L Near	 00000000 FLAT	External STDCALL
readbw . . . . . . . . . . . . .	L Near	 00000000 FLAT	External STDCALL
readc  . . . . . . . . . . . . .	L Near	 00000000 FLAT	External STDCALL
readhb . . . . . . . . . . . . .	L Near	 00000000 FLAT	External STDCALL
readhd . . . . . . . . . . . . .	L Near	 00000000 FLAT	External STDCALL
readhw . . . . . . . . . . . . .	L Near	 00000000 FLAT	External STDCALL
readmsg  . . . . . . . . . . . .	L Near	 00000000 FLAT	External STDCALL
readsib  . . . . . . . . . . . .	L Near	 00000000 FLAT	External STDCALL
readsid  . . . . . . . . . . . .	L Near	 00000000 FLAT	External STDCALL
readsiw  . . . . . . . . . . . .	L Near	 00000000 FLAT	External STDCALL
readuib  . . . . . . . . . . . .	L Near	 00000000 FLAT	External STDCALL
readuid  . . . . . . . . . . . .	L Near	 00000000 FLAT	External STDCALL
readuiw  . . . . . . . . . . . .	L Near	 00000000 FLAT	External STDCALL
srcmsg . . . . . . . . . . . . .	Byte	 00000000 _DATA	
start  . . . . . . . . . . . . .	L Near	 00000000 _TEXT	Public STDCALL

	   0 Warnings
	   0 Errors
