Microsoft (R) Macro Assembler Version 6.15.8803		    05/20/25 00:19:37
eg0706.asm						     Page 1 - 1


				;eg0701
				include io16.inc
			      C .nolist    ; Do not list following content
			      C .list
			      C 
 0000				.data
 0000 41 20 38 32 35 39		    intmsg byte 'A 8259A Interrupt!',0dh,0ah,0
       41 20 49 6E 74 65
       72 72 75 70 74 21
       0D 0A 00
 0015 00			    counter byte 0
 0000				.code
 0000				start:
 0000  B8 3508			    mov ax,3508h
 0003  CD 21			    int 21h
 0005  06			    push es
 0006  53			    push bx
 0007  FA			    cli
 0008  1E			    push ds
 0009  B8 ---- R		    mov ax,seg new08h
 000C  8E D8			    mov ds,ax
 000E  BA 0037 R		    mov dx,offset new08h
 0011  B8 2508			    mov ax,2508h
 0014  CD 21			    int 21h
 0016  5A			    pop dx
 0017  E4 21			    in al,21h
 0019  50			    push ax
 001A  24 FE			    and al,0feh
 001C  E6 21			    out 21h,al
 001E  C6 06 0015 R 00		    mov counter,0
 0023  FB			    sti
 0024				start1:
 0024  80 3E 0015 R 0A		    cmp counter,10
 0029  72 F9			    jb start1
 002B  FA			    cli
 002C  58			    pop ax
 002D  E6 21			    out 21h,al
 002F  5A			    pop dx
 0030  1F			    pop ds
 0031  B8 2508			    mov ax,2508h
 0034  CD 21			    int 21h
 0036  FB			    sti

 0037				new08h proc
 0037  FB			    sti
 0038  50			    push ax
 0039  56			    push si
 003A  1E			    push ds
 003B  B8 ---- R		    mov ax, @data
 003E  8E D8			    mov ds,ax
 0040  FE 06 0015 R		    inc counter
 0044  BE 0000 R		    mov si,offset intmsg
 0047  E8 0008			    call dpstri
 004A  B0 20			    mov al,20h
 004C  E6 20			    out 20h,al
 004E  1F			    pop ds
 004F  5E			    pop si
 0050  58			    pop ax
 0051  CF			    iret
 0052				new08h endp

 0052				dpstri proc
 0052  50			    push ax
 0053  53			    push bx
 0054				dps1:
 0054  8A 04			    mov al,[si]
 0056  3C 00			    cmp al,0
 0058  74 0A			    jz dps2
 005A  BB 0000			    mov bx,0
 005D  B4 0E			    mov ah,0eh
 005F  CD 10			    int 10h
 0061  46			    inc si
 0062  EB F0			    jmp dps1
 0064				dps2:
 0064  5B			    pop bx
 0065  58			    pop ax
 0066  C3			    ret
 0067				dpstri endp
				end start
Microsoft (R) Macro Assembler Version 6.15.8803		    05/20/25 00:19:37
eg0706.asm						     Symbols 2 - 1




Macros:

                N a m e                 Type

exit . . . . . . . . . . . . . .	Proc


Segments and Groups:

                N a m e                 Size     Length   Align   Combine Class

DGROUP . . . . . . . . . . . . .	GROUP
_DATA  . . . . . . . . . . . . .	16 Bit	 0016	  Word	  Public  'DATA'	
STACK  . . . . . . . . . . . . .	16 Bit	 0400	  Para	  Stack	  'STACK'	 
_TEXT  . . . . . . . . . . . . .	16 Bit	 0067	  Word	  Public  'CODE'	


Procedures,  parameters and locals:

                N a m e                 Type     Value    Attr

dpstri . . . . . . . . . . . . .	P Near	 0052	  _TEXT	Length= 0015 Public
  dps1 . . . . . . . . . . . . .	L Near	 0054	  _TEXT	
  dps2 . . . . . . . . . . . . .	L Near	 0064	  _TEXT	
new08h . . . . . . . . . . . . .	P Near	 0037	  _TEXT	Length= 001B Public


Symbols:

                N a m e                 Type     Value    Attr

@CodeSize  . . . . . . . . . . .	Number	 0000h	 
@DataSize  . . . . . . . . . . .	Number	 0000h	 
@Interface . . . . . . . . . . .	Number	 0000h	 
@Model . . . . . . . . . . . . .	Number	 0002h	 
@code  . . . . . . . . . . . . .	Text   	 _TEXT
@data  . . . . . . . . . . . . .	Text   	 DGROUP
@fardata?  . . . . . . . . . . .	Text   	 FAR_BSS
@fardata . . . . . . . . . . . .	Text   	 FAR_DATA
@stack . . . . . . . . . . . . .	Text   	 DGROUP
counter  . . . . . . . . . . . .	Byte	 0015	  _DATA	
dispbb . . . . . . . . . . . . .	L Near	 0000	  External
dispbd . . . . . . . . . . . . .	L Near	 0000	  External
dispbw . . . . . . . . . . . . .	L Near	 0000	  External
dispcrlf . . . . . . . . . . . .	L Near	 0000	  External
dispc  . . . . . . . . . . . . .	L Near	 0000	  External
disphb . . . . . . . . . . . . .	L Near	 0000	  External
disphd . . . . . . . . . . . . .	L Near	 0000	  External
disphw . . . . . . . . . . . . .	L Near	 0000	  External
dispmsg  . . . . . . . . . . . .	L Near	 0000	  External
disprb . . . . . . . . . . . . .	L Near	 0000	  External
disprd . . . . . . . . . . . . .	L Near	 0000	  External
disprf . . . . . . . . . . . . .	L Near	 0000	  External
disprw . . . . . . . . . . . . .	L Near	 0000	  External
dispsib  . . . . . . . . . . . .	L Near	 0000	  External
dispsid  . . . . . . . . . . . .	L Near	 0000	  External
dispsiw  . . . . . . . . . . . .	L Near	 0000	  External
dispuib  . . . . . . . . . . . .	L Near	 0000	  External
dispuid  . . . . . . . . . . . .	L Near	 0000	  External
dispuiw  . . . . . . . . . . . .	L Near	 0000	  External
intmsg . . . . . . . . . . . . .	Byte	 0000	  _DATA	
readbb . . . . . . . . . . . . .	L Near	 0000	  External
readbd . . . . . . . . . . . . .	L Near	 0000	  External
readbw . . . . . . . . . . . . .	L Near	 0000	  External
readc  . . . . . . . . . . . . .	L Near	 0000	  External
readhb . . . . . . . . . . . . .	L Near	 0000	  External
readhd . . . . . . . . . . . . .	L Near	 0000	  External
readhw . . . . . . . . . . . . .	L Near	 0000	  External
readmsg  . . . . . . . . . . . .	L Near	 0000	  External
readsib  . . . . . . . . . . . .	L Near	 0000	  External
readsid  . . . . . . . . . . . .	L Near	 0000	  External
readsiw  . . . . . . . . . . . .	L Near	 0000	  External
readuib  . . . . . . . . . . . .	L Near	 0000	  External
readuid  . . . . . . . . . . . .	L Near	 0000	  External
readuiw  . . . . . . . . . . . .	L Near	 0000	  External
start1 . . . . . . . . . . . . .	L Near	 0024	  _TEXT	
start  . . . . . . . . . . . . .	L Near	 0000	  _TEXT	

	   0 Warnings
	   0 Errors
