Microsoft (R) Macro Assembler Version 6.15.8803		    05/24/25 12:25:59
eg0801.asm						     Page 1 - 1


				;eg0801
				include io16.inc
			      C .nolist    ; Do not list following content
			      C .list
			      C 
 0000				.data 
 0000 07C4			freq word 1193180/600    ; 生成600Hz频率
 0000				.code
				;============ 主程序 =============
 0000				start:
 0000  A1 0000 R		    mov ax, freq
 0003  E8 0009			    call speaker     ; 设置扬声器音调
 0006  E8 0013			    call speakon     ; 开启扬声器
 0009  E8 0000 E		    call readc      ; 等待按键输入
 000C  E8 0016			    call speakoff    ; 关闭扬声器
				;============ 扬声器控制子程序 ============
 000F				speaker proc
				    ; 功能：设置发音频率
				    ; 入口参数：AX = 1.19318×10^6 ÷ 目标频率
 000F  50			    push ax         ; 保存入口参数
 0010  B0 B6			    mov al, 0b6h    ; 定时器2设置为模式3（方波发生器）
 0012  E6 43			    out 43h, al     ; 写入控制寄存器
 0014  58			    pop ax          ; 恢复计数值
 0015  E6 42			    out 42h, al     ; 写入低字节
 0017  8A C4			    mov al, ah
 0019  E6 42			    out 42h, al     ; 写入高字节
 001B  C3			    ret
 001C				speaker endp

				;============ 扬声器开启子程序 ============
 001C				speakon proc
 001C  50			    push ax
 001D  E4 61			    in al, 61h      ; 读取端口61H当前状态
 001F  0C 03			    or al, 03h      ; 设置PB0和PB1位（开启定时器2和扬声器）
 0021  E6 61			    out 61h, al     ; 更新控制信号
 0023  58			    pop ax
 0024  C3			    ret
 0025				speakon endp

				;============ 扬声器关闭子程序 ============
 0025				speakoff proc
 0025  50			    push ax
 0026  E4 61			    in al, 61h      ; 读取端口61H当前状态
 0028  24 FC			    and al, 0fch    ; 清除PB0和PB1位（关闭定时器2和扬声器）
 002A  E6 61			    out 61h, al     ; 更新控制信号
 002C  58			    pop ax
 002D  C3			    ret
 002E				speakoff endp
				end start
Microsoft (R) Macro Assembler Version 6.15.8803		    05/24/25 12:25:59
eg0801.asm						     Symbols 2 - 1




Macros:

                N a m e                 Type

exit . . . . . . . . . . . . . .	Proc


Segments and Groups:

                N a m e                 Size     Length   Align   Combine Class

DGROUP . . . . . . . . . . . . .	GROUP
_DATA  . . . . . . . . . . . . .	16 Bit	 0002	  Word	  Public  'DATA'	
STACK  . . . . . . . . . . . . .	16 Bit	 0400	  Para	  Stack	  'STACK'	 
_TEXT  . . . . . . . . . . . . .	16 Bit	 002E	  Word	  Public  'CODE'	


Procedures,  parameters and locals:

                N a m e                 Type     Value    Attr

speaker  . . . . . . . . . . . .	P Near	 000F	  _TEXT	Length= 000D Public
speakoff . . . . . . . . . . . .	P Near	 0025	  _TEXT	Length= 0009 Public
speakon  . . . . . . . . . . . .	P Near	 001C	  _TEXT	Length= 0009 Public


Symbols:

                N a m e                 Type     Value    Attr

@CodeSize  . . . . . . . . . . .	Number	 0000h	 
@DataSize  . . . . . . . . . . .	Number	 0000h	 
@Interface . . . . . . . . . . .	Number	 0000h	 
@Model . . . . . . . . . . . . .	Number	 0002h	 
@code  . . . . . . . . . . . . .	Text   	 _TEXT
@data  . . . . . . . . . . . . .	Text   	 DGROUP
@fardata?  . . . . . . . . . . .	Text   	 FAR_BSS
@fardata . . . . . . . . . . . .	Text   	 FAR_DATA
@stack . . . . . . . . . . . . .	Text   	 DGROUP
dispbb . . . . . . . . . . . . .	L Near	 0000	  External
dispbd . . . . . . . . . . . . .	L Near	 0000	  External
dispbw . . . . . . . . . . . . .	L Near	 0000	  External
dispcrlf . . . . . . . . . . . .	L Near	 0000	  External
dispc  . . . . . . . . . . . . .	L Near	 0000	  External
disphb . . . . . . . . . . . . .	L Near	 0000	  External
disphd . . . . . . . . . . . . .	L Near	 0000	  External
disphw . . . . . . . . . . . . .	L Near	 0000	  External
dispmsg  . . . . . . . . . . . .	L Near	 0000	  External
disprb . . . . . . . . . . . . .	L Near	 0000	  External
disprd . . . . . . . . . . . . .	L Near	 0000	  External
disprf . . . . . . . . . . . . .	L Near	 0000	  External
disprw . . . . . . . . . . . . .	L Near	 0000	  External
dispsib  . . . . . . . . . . . .	L Near	 0000	  External
dispsid  . . . . . . . . . . . .	L Near	 0000	  External
dispsiw  . . . . . . . . . . . .	L Near	 0000	  External
dispuib  . . . . . . . . . . . .	L Near	 0000	  External
dispuid  . . . . . . . . . . . .	L Near	 0000	  External
dispuiw  . . . . . . . . . . . .	L Near	 0000	  External
freq . . . . . . . . . . . . . .	Word	 0000	  _DATA	
readbb . . . . . . . . . . . . .	L Near	 0000	  External
readbd . . . . . . . . . . . . .	L Near	 0000	  External
readbw . . . . . . . . . . . . .	L Near	 0000	  External
readc  . . . . . . . . . . . . .	L Near	 0000	  External
readhb . . . . . . . . . . . . .	L Near	 0000	  External
readhd . . . . . . . . . . . . .	L Near	 0000	  External
readhw . . . . . . . . . . . . .	L Near	 0000	  External
readmsg  . . . . . . . . . . . .	L Near	 0000	  External
readsib  . . . . . . . . . . . .	L Near	 0000	  External
readsid  . . . . . . . . . . . .	L Near	 0000	  External
readsiw  . . . . . . . . . . . .	L Near	 0000	  External
readuib  . . . . . . . . . . . .	L Near	 0000	  External
readuid  . . . . . . . . . . . .	L Near	 0000	  External
readuiw  . . . . . . . . . . . .	L Near	 0000	  External
start  . . . . . . . . . . . . .	L Near	 0000	  _TEXT	

	   0 Warnings
	   0 Errors
