Microsoft (R) Macro Assembler Version 6.15.8803		    05/20/25 00:11:13
es0502.asm						     Page 1 - 1


				.386
				.model flat, stdcall
				option casemap:none

				include io32.inc        ; 包含输入输出宏库
			      C .nolist
			      C 	.model flat,stdcall
io32.inc(7) : warning A4011: multiple .MODEL directives found : .MODEL ignored
			      C .list
			      C 

 00000000			.data
 00000000 4D 61 78 20 4E	    msgN    byte 'Max N: ', 0          ; 输出提示信息
	   3A 20 00
 00000008 4D 61 78 20 53	    msgSum  byte 'Max Sum: ', 0
	   75 6D 3A 20 00
 00000012 0D 0A 00		    newline byte 0dh, 0ah, 0           ; 换行符

 00000000			.code
 00000000			start:
 00000000  33 C0		    xor eax, eax        ; 累加和初始化为0
 00000002  33 DB		    xor ebx, ebx        ; N初始化为0

 00000004			loop_start:
 00000004  43			    inc ebx             ; N += 1
 00000005  8B C8		    mov ecx, eax        ; 保存当前累加和到ECX
 00000007  03 CB		    add ecx, ebx        ; 尝试累加新的N
 00000009  72 04		    jc overflow         ; 若溢出（CF=1），跳转
 0000000B  8B C1		    mov eax, ecx        ; 更新累加和
 0000000D  EB F5		    jmp loop_start      ; 继续循环

 0000000F			overflow:
 0000000F  4B			    dec ebx             ; 最大N为EBX-1
 00000010  50			    push eax            ; 保存累加和

				    ; 输出Max N
 00000011  B8 00000000 R	    mov eax, offset msgN
 00000016  E8 00000000 E	    call dispmsg        ; 显示"Max N: "
 0000001B  8B C3		    mov eax, ebx
 0000001D  E8 00000000 E	    call dispuid        ; 显示N的值
 00000022  B8 00000012 R	    mov eax, offset newline
 00000027  E8 00000000 E	    call dispmsg        ; 换行

				    ; 输出Max Sum
 0000002C  B8 00000008 R	    mov eax, offset msgSum
 00000031  E8 00000000 E	    call dispmsg        ; 显示"Max Sum: "
 00000036  58			    pop eax             ; 恢复累加和
 00000037  E8 00000000 E	    call dispuid        ; 显示累加和的值
 0000003C  B8 00000012 R	    mov eax, offset newline
 00000041  E8 00000000 E	    call dispmsg        ; 换行

 00000046  B8 00000000		    mov eax, 0          ; 退出程序
 0000004B  C3			    ret
 0000004C
				end start
Microsoft (R) Macro Assembler Version 6.15.8803		    05/20/25 00:11:13
es0502.asm						     Symbols 2 - 1




Macros:

                N a m e                 Type

exit . . . . . . . . . . . . . .	Proc


Segments and Groups:

                N a m e                 Size     Length   Align   Combine Class

FLAT . . . . . . . . . . . . . .	GROUP
_DATA  . . . . . . . . . . . . .	32 Bit	 00000015 DWord	  Public  'DATA'	
_TEXT  . . . . . . . . . . . . .	32 Bit	 0000004C DWord	  Public  'CODE'	


Procedures,  parameters and locals:

                N a m e                 Type     Value    Attr

$$$00001 . . . . . . . . . . . .	P Near	 00000000 _TEXT	Length= 0000004C Private STDCALL
  loop_start . . . . . . . . . .	L Near	 00000004 _TEXT	
  overflow . . . . . . . . . . .	L Near	 0000000F _TEXT	
ExitProcess  . . . . . . . . . .	P Near	 00000000 FLAT	Length= 00000000 External STDCALL


Symbols:

                N a m e                 Type     Value    Attr

@CodeSize  . . . . . . . . . . .	Number	 00000000h   
@DataSize  . . . . . . . . . . .	Number	 00000000h   
@Interface . . . . . . . . . . .	Number	 00000003h   
@Model . . . . . . . . . . . . .	Number	 00000007h   
@code  . . . . . . . . . . . . .	Text   	 _TEXT
@data  . . . . . . . . . . . . .	Text   	 FLAT
@fardata?  . . . . . . . . . . .	Text   	 FLAT
@fardata . . . . . . . . . . . .	Text   	 FLAT
@stack . . . . . . . . . . . . .	Text   	 FLAT
dispbb . . . . . . . . . . . . .	L Near	 00000000 FLAT	External STDCALL
dispbd . . . . . . . . . . . . .	L Near	 00000000 FLAT	External STDCALL
dispbw . . . . . . . . . . . . .	L Near	 00000000 FLAT	External STDCALL
dispcrlf . . . . . . . . . . . .	L Near	 00000000 FLAT	External STDCALL
dispc  . . . . . . . . . . . . .	L Near	 00000000 FLAT	External STDCALL
disphb . . . . . . . . . . . . .	L Near	 00000000 FLAT	External STDCALL
disphd . . . . . . . . . . . . .	L Near	 00000000 FLAT	External STDCALL
disphw . . . . . . . . . . . . .	L Near	 00000000 FLAT	External STDCALL
dispmsg  . . . . . . . . . . . .	L Near	 00000000 FLAT	External STDCALL
disprb . . . . . . . . . . . . .	L Near	 00000000 FLAT	External STDCALL
disprd . . . . . . . . . . . . .	L Near	 00000000 FLAT	External STDCALL
disprf . . . . . . . . . . . . .	L Near	 00000000 FLAT	External STDCALL
disprw . . . . . . . . . . . . .	L Near	 00000000 FLAT	External STDCALL
dispsib  . . . . . . . . . . . .	L Near	 00000000 FLAT	External STDCALL
dispsid  . . . . . . . . . . . .	L Near	 00000000 FLAT	External STDCALL
dispsiw  . . . . . . . . . . . .	L Near	 00000000 FLAT	External STDCALL
dispuib  . . . . . . . . . . . .	L Near	 00000000 FLAT	External STDCALL
dispuid  . . . . . . . . . . . .	L Near	 00000000 FLAT	External STDCALL
dispuiw  . . . . . . . . . . . .	L Near	 00000000 FLAT	External STDCALL
loop_start . . . . . . . . . . .	L Near	 00000004 _TEXT	
msgN . . . . . . . . . . . . . .	Byte	 00000000 _DATA	
msgSum . . . . . . . . . . . . .	Byte	 00000008 _DATA	
newline  . . . . . . . . . . . .	Byte	 00000012 _DATA	
overflow . . . . . . . . . . . .	L Near	 0000000F _TEXT	
readbb . . . . . . . . . . . . .	L Near	 00000000 FLAT	External STDCALL
readbd . . . . . . . . . . . . .	L Near	 00000000 FLAT	External STDCALL
readbw . . . . . . . . . . . . .	L Near	 00000000 FLAT	External STDCALL
readc  . . . . . . . . . . . . .	L Near	 00000000 FLAT	External STDCALL
readhb . . . . . . . . . . . . .	L Near	 00000000 FLAT	External STDCALL
readhd . . . . . . . . . . . . .	L Near	 00000000 FLAT	External STDCALL
readhw . . . . . . . . . . . . .	L Near	 00000000 FLAT	External STDCALL
readmsg  . . . . . . . . . . . .	L Near	 00000000 FLAT	External STDCALL
readsib  . . . . . . . . . . . .	L Near	 00000000 FLAT	External STDCALL
readsid  . . . . . . . . . . . .	L Near	 00000000 FLAT	External STDCALL
readsiw  . . . . . . . . . . . .	L Near	 00000000 FLAT	External STDCALL
readuib  . . . . . . . . . . . .	L Near	 00000000 FLAT	External STDCALL
readuid  . . . . . . . . . . . .	L Near	 00000000 FLAT	External STDCALL
readuiw  . . . . . . . . . . . .	L Near	 00000000 FLAT	External STDCALL
start  . . . . . . . . . . . . .	L Near	 00000000 _TEXT	Public STDCALL

	   1 Warnings
	   0 Errors
