Microsoft (R) Macro Assembler Version 6.15.8803		    05/19/25 20:20:08
ex0320.asm						     Page 1 - 1


				;eg0203
				include io32.inc
			      C .nolist
			      C .list
			      C 
				;-------------- 数据段定义 --------------
 00000000			.data
 00000000 12 34			    bvar   byte    12h, 34h          ; 定义字节变量
				    org     $ + 10                   ; 地址向后调整10字节
 0000000C 0001 0002 0003	    array   word    1, 2, 3, 4, 5, 6, 7, 8, 9, 10  ; 定义字数组
	   0004 0005 0006
	   0007 0008 0009
	   000A

 00000020 5678			    wvar   word    5678h             ; 定义字变量
 00000022 = 00000016		    arr_size = $ - array             ; 计算数组总字节数
 = 0000000B			    arr_len = arr_size / 2           ; 计算数组元素个数（字单位）
 00000022 9ABCDEF0		    dvar   dword   9abcdef0h         ; 定义双字变量

				;-------------- 代码段指令 --------------
 00000000			.code
 00000000			start:
 00000000  A0 00000000 R	    mov    al, bvar                  ; 加载bvar第一个字节到AL
				    ; 注意："R mov ah, bvar+1" 中的 "R" 可能为注释或特殊标记
 00000005  8A 25 00000001 R	    mov    ah, bvar + 1              ; 加载bvar第二个字节到AH
 0000000B  66| 8B 1D		    mov    bx, wvar[2]               ; 加载wvar偏移2字节处的值到BX（需确认地址对齐）
	   00000022 R

 00000012  B9 0000000B		    mov    ecx, arr_len              ; 将数组长度存入ECX
 00000017  BA 00000017 R	    mov    edx, $                    ; 将当前地址（$）存入EDX
 0000001C  BE 00000022 R	    mov    esi, offset dvar          ; 将dvar的偏移地址存入ESI
 00000021  8B 3E		    mov    edi, [esi]                ; 将ESI指向的双字值加载到EDI
				    ; 注意："R mov ebp, dvar" 中的 "R" 可能为注释或特殊标记
 00000023  8B 2D 00000022 R	    mov    ebp, dvar                 ; 直接加载dvar的值到EBP
 00000029  E8 00000000 E	    call   disprd                    ; 调用显示过程
 0000002E			end start
Microsoft (R) Macro Assembler Version 6.15.8803		    05/19/25 20:20:08
ex0320.asm						     Symbols 2 - 1




Macros:

                N a m e                 Type

exit . . . . . . . . . . . . . .	Proc


Segments and Groups:

                N a m e                 Size     Length   Align   Combine Class

FLAT . . . . . . . . . . . . . .	GROUP
_DATA  . . . . . . . . . . . . .	32 Bit	 00000026 Para	  Public  'DATA'	
_TEXT  . . . . . . . . . . . . .	32 Bit	 0000002E Para	  Public  'CODE'	


Procedures,  parameters and locals:

                N a m e                 Type     Value    Attr

$$$00001 . . . . . . . . . . . .	P Near	 00000000 _TEXT	Length= 0000002E Private STDCALL
ExitProcess  . . . . . . . . . .	P Near	 00000000 FLAT	Length= 00000000 External STDCALL


Symbols:

                N a m e                 Type     Value    Attr

@CodeSize  . . . . . . . . . . .	Number	 00000000h   
@DataSize  . . . . . . . . . . .	Number	 00000000h   
@Interface . . . . . . . . . . .	Number	 00000003h   
@Model . . . . . . . . . . . . .	Number	 00000007h   
@code  . . . . . . . . . . . . .	Text   	 _TEXT
@data  . . . . . . . . . . . . .	Text   	 FLAT
@fardata?  . . . . . . . . . . .	Text   	 FLAT
@fardata . . . . . . . . . . . .	Text   	 FLAT
@stack . . . . . . . . . . . . .	Text   	 FLAT
arr_len  . . . . . . . . . . . .	Number	 0000000Bh   
arr_size . . . . . . . . . . . .	Number	 00000016h   
array  . . . . . . . . . . . . .	Word	 0000000C _DATA	
bvar . . . . . . . . . . . . . .	Byte	 00000000 _DATA	
dispbb . . . . . . . . . . . . .	L Near	 00000000 FLAT	External STDCALL
dispbd . . . . . . . . . . . . .	L Near	 00000000 FLAT	External STDCALL
dispbw . . . . . . . . . . . . .	L Near	 00000000 FLAT	External STDCALL
dispcrlf . . . . . . . . . . . .	L Near	 00000000 FLAT	External STDCALL
dispc  . . . . . . . . . . . . .	L Near	 00000000 FLAT	External STDCALL
disphb . . . . . . . . . . . . .	L Near	 00000000 FLAT	External STDCALL
disphd . . . . . . . . . . . . .	L Near	 00000000 FLAT	External STDCALL
disphw . . . . . . . . . . . . .	L Near	 00000000 FLAT	External STDCALL
dispmsg  . . . . . . . . . . . .	L Near	 00000000 FLAT	External STDCALL
disprb . . . . . . . . . . . . .	L Near	 00000000 FLAT	External STDCALL
disprd . . . . . . . . . . . . .	L Near	 00000000 FLAT	External STDCALL
disprf . . . . . . . . . . . . .	L Near	 00000000 FLAT	External STDCALL
disprw . . . . . . . . . . . . .	L Near	 00000000 FLAT	External STDCALL
dispsib  . . . . . . . . . . . .	L Near	 00000000 FLAT	External STDCALL
dispsid  . . . . . . . . . . . .	L Near	 00000000 FLAT	External STDCALL
dispsiw  . . . . . . . . . . . .	L Near	 00000000 FLAT	External STDCALL
dispuib  . . . . . . . . . . . .	L Near	 00000000 FLAT	External STDCALL
dispuid  . . . . . . . . . . . .	L Near	 00000000 FLAT	External STDCALL
dispuiw  . . . . . . . . . . . .	L Near	 00000000 FLAT	External STDCALL
dvar . . . . . . . . . . . . . .	DWord	 00000022 _DATA	
readbb . . . . . . . . . . . . .	L Near	 00000000 FLAT	External STDCALL
readbd . . . . . . . . . . . . .	L Near	 00000000 FLAT	External STDCALL
readbw . . . . . . . . . . . . .	L Near	 00000000 FLAT	External STDCALL
readc  . . . . . . . . . . . . .	L Near	 00000000 FLAT	External STDCALL
readhb . . . . . . . . . . . . .	L Near	 00000000 FLAT	External STDCALL
readhd . . . . . . . . . . . . .	L Near	 00000000 FLAT	External STDCALL
readhw . . . . . . . . . . . . .	L Near	 00000000 FLAT	External STDCALL
readmsg  . . . . . . . . . . . .	L Near	 00000000 FLAT	External STDCALL
readsib  . . . . . . . . . . . .	L Near	 00000000 FLAT	External STDCALL
readsid  . . . . . . . . . . . .	L Near	 00000000 FLAT	External STDCALL
readsiw  . . . . . . . . . . . .	L Near	 00000000 FLAT	External STDCALL
readuib  . . . . . . . . . . . .	L Near	 00000000 FLAT	External STDCALL
readuid  . . . . . . . . . . . .	L Near	 00000000 FLAT	External STDCALL
readuiw  . . . . . . . . . . . .	L Near	 00000000 FLAT	External STDCALL
start  . . . . . . . . . . . . .	L Near	 00000000 _TEXT	Public STDCALL
wvar . . . . . . . . . . . . . .	Word	 00000020 _DATA	

	   0 Warnings
	   0 Errors
