Microsoft (R) Macro Assembler Version 6.15.8803		    05/20/25 00:18:07
ex0722.asm						     Page 1 - 1


				; ex0722.asm in DOS
				include io16.inc
			      C .nolist    ; Do not list following content
			      C .list
			      C 
 0000				.data
 0000 54 6F 64 61 79 20		date byte 'Today is 20xx-yy-zz$'  ; 注意：必须用 $ 结尾，而非 0
       69 73 20 32 30 78
       78 2D 79 79 2D 7A
       7A 24
 0000				.code
 0000				start:
 0000  B8 ---- R		    mov ax, @data       ; 初始化数据段
 0003  8E D8			    mov ds, ax

				    ; 处理年份的后两位（CMOS单元09h）
 0005  BB 000B			    mov bx, 11          ; 年份替换位置：索引11和12
 0008  B0 09			    mov al, 9
 000A  E6 70			    out 70h, al
 000C  E4 71			    in al, 71h
 000E  8A D0			    mov dl, al
 0010  C0 E8 04			    shr al, 4           ; 分离高位BCD码
 0013  04 30			    add al, 30h         ; 转为ASCII
 0015  88 87 0000 R		    mov date[bx], al    ; 更新年份高位（'xx'的第一个x）
 0019  43			    inc bx
 001A  80 E2 0F			    and dl, 0fh         ; 分离低位BCD码
 001D  80 C2 30			    add dl, 30h
 0020  88 97 0000 R		    mov date[bx], dl    ; 更新年份低位（'xx'的第二个x）
 0024  83 C3 02			    add bx, 2           ; 跳到月份位置（索引14）

				    ; 处理月份（CMOS单元08h）
 0027  B0 08			    mov al, 8
 0029  E6 70			    out 70h, al
 002B  E4 71			    in al, 71h
 002D  8A D0			    mov dl, al
 002F  C0 E8 04			    shr al, 4
 0032  04 30			    add al, 30h
 0034  88 87 0000 R		    mov date[bx], al    ; 月份高位（'yy'的第一个y）
 0038  43			    inc bx
 0039  80 E2 0F			    and dl, 0fh
 003C  80 C2 30			    add dl, 30h
 003F  88 97 0000 R		    mov date[bx], dl    ; 月份低位（'yy'的第二个y）
 0043  83 C3 02			    add bx, 2           ; 跳到日期位置（索引17）

				    ; 处理日期（CMOS单元07h）
 0046  B0 07			    mov al, 7
 0048  E6 70			    out 70h, al
 004A  E4 71			    in al, 71h
 004C  8A D0			    mov dl, al
 004E  C0 E8 04			    shr al, 4
 0051  04 30			    add al, 30h
 0053  88 87 0000 R		    mov date[bx], al    ; 日期高位（'zz'的第一个z）
 0057  43			    inc bx
 0058  80 E2 0F			    and dl, 0fh
 005B  80 C2 30			    add dl, 30h
 005E  88 97 0000 R		    mov date[bx], dl    ; 日期低位（'zz'的第二个z）

				    ; 使用DOS中断显示字符串
 0062  B4 09			    mov ah, 09h         ; 功能号09h（显示以$结尾的字符串）
 0064  BA 0000 R		    mov dx, offset date
 0067  CD 21			    int 21h

				    exit 0
 0069  B8 4C00		     1		mov ax,4c00h+0
 006C  CD 21		     1		int 21h

				end start
Microsoft (R) Macro Assembler Version 6.15.8803		    05/20/25 00:18:07
ex0722.asm						     Symbols 2 - 1




Macros:

                N a m e                 Type

exit . . . . . . . . . . . . . .	Proc


Segments and Groups:

                N a m e                 Size     Length   Align   Combine Class

DGROUP . . . . . . . . . . . . .	GROUP
_DATA  . . . . . . . . . . . . .	16 Bit	 0014	  Word	  Public  'DATA'	
STACK  . . . . . . . . . . . . .	16 Bit	 0400	  Para	  Stack	  'STACK'	 
_TEXT  . . . . . . . . . . . . .	16 Bit	 006E	  Word	  Public  'CODE'	


Symbols:

                N a m e                 Type     Value    Attr

@CodeSize  . . . . . . . . . . .	Number	 0000h	 
@DataSize  . . . . . . . . . . .	Number	 0000h	 
@Interface . . . . . . . . . . .	Number	 0000h	 
@Model . . . . . . . . . . . . .	Number	 0002h	 
@code  . . . . . . . . . . . . .	Text   	 _TEXT
@data  . . . . . . . . . . . . .	Text   	 DGROUP
@fardata?  . . . . . . . . . . .	Text   	 FAR_BSS
@fardata . . . . . . . . . . . .	Text   	 FAR_DATA
@stack . . . . . . . . . . . . .	Text   	 DGROUP
date . . . . . . . . . . . . . .	Byte	 0000	  _DATA	
dispbb . . . . . . . . . . . . .	L Near	 0000	  External
dispbd . . . . . . . . . . . . .	L Near	 0000	  External
dispbw . . . . . . . . . . . . .	L Near	 0000	  External
dispcrlf . . . . . . . . . . . .	L Near	 0000	  External
dispc  . . . . . . . . . . . . .	L Near	 0000	  External
disphb . . . . . . . . . . . . .	L Near	 0000	  External
disphd . . . . . . . . . . . . .	L Near	 0000	  External
disphw . . . . . . . . . . . . .	L Near	 0000	  External
dispmsg  . . . . . . . . . . . .	L Near	 0000	  External
disprb . . . . . . . . . . . . .	L Near	 0000	  External
disprd . . . . . . . . . . . . .	L Near	 0000	  External
disprf . . . . . . . . . . . . .	L Near	 0000	  External
disprw . . . . . . . . . . . . .	L Near	 0000	  External
dispsib  . . . . . . . . . . . .	L Near	 0000	  External
dispsid  . . . . . . . . . . . .	L Near	 0000	  External
dispsiw  . . . . . . . . . . . .	L Near	 0000	  External
dispuib  . . . . . . . . . . . .	L Near	 0000	  External
dispuid  . . . . . . . . . . . .	L Near	 0000	  External
dispuiw  . . . . . . . . . . . .	L Near	 0000	  External
readbb . . . . . . . . . . . . .	L Near	 0000	  External
readbd . . . . . . . . . . . . .	L Near	 0000	  External
readbw . . . . . . . . . . . . .	L Near	 0000	  External
readc  . . . . . . . . . . . . .	L Near	 0000	  External
readhb . . . . . . . . . . . . .	L Near	 0000	  External
readhd . . . . . . . . . . . . .	L Near	 0000	  External
readhw . . . . . . . . . . . . .	L Near	 0000	  External
readmsg  . . . . . . . . . . . .	L Near	 0000	  External
readsib  . . . . . . . . . . . .	L Near	 0000	  External
readsid  . . . . . . . . . . . .	L Near	 0000	  External
readsiw  . . . . . . . . . . . .	L Near	 0000	  External
readuib  . . . . . . . . . . . .	L Near	 0000	  External
readuid  . . . . . . . . . . . .	L Near	 0000	  External
readuiw  . . . . . . . . . . . .	L Near	 0000	  External
start  . . . . . . . . . . . . .	L Near	 0000	  _TEXT	

	   0 Warnings
	   0 Errors
