Microsoft (R) Macro Assembler Version 6.15.8803		    05/20/25 00:22:45
ex0807.asm						     Page 1 - 1


				; eg0800.asm in DOS
				include io16.inc
			      C .nolist    ; Do not list following content
			      C .list
			      C 
 0000				.data
 0000 08E5 085A 0710 06AD	    table dw 2277, 2138, 1808, 1709, 1522, 1356, 1208, 1139	
       05F2 054C 04B8
       0473
 0000				.code
 0000				start:
 0000  B0 B6			    mov al, 0b6h  ; 设置定时器 2 工作方式
 0002  E6 43			    out 43h, al
 0004				again:  
 0004  E8 0000 E		    call readc  ; 等待按键
 0007  3C 31			    cmp al, '1'  ; 判断是否为数字 1～8
 0009  72 20			    jb next
 000B  3C 38			    cmp al, '8'
 000D  77 1C			    ja next
 000F  2C 30			    sub al, 30h  ; 1～8 的 ASCII 码转换为二进制数
 0011  2C 01			    sub al, 1  ; 再减 1， 将数字 1～8变为 0～7， 以便查表
 0013  32 E4			    xor ah, ah
 0015  D1 E0			    shl ax, 1  ; 乘以 2
 0017  8B D8			    mov bx, ax  ; 记数值表是 16 位数据，无法采用 xlat 指令
 0019  8B 87 0000 R		    mov ax, table[bx]  ; 取出对应的记数值
 001D  E6 42			    out 42h, al  ; 设置定时器 2 的记数值
 001F  8A C4			    mov al, ah
 0021  E6 42			    out 42h, al
 0023  E4 61			    in al, 61h  ; 打开扬声器声音
 0025  0C 03			    or al, 03h  ; 使 D1D0 ＝ PB1PB0 ＝11B， 其他位不变
 0027  E6 61			    out 61h, al
 0029  EB D9			    jmp again  ; 连续发声， 直到按下另一个键
 002B				next:  
 002B  50			    push ax
 002C  E4 61			    in al, 61h  ; 不是数字 1～8， 则关闭扬声器声音
 002E  24 FC			    and al, 0fch  ; 使 D1D0 ＝ PB1PB0 ＝00b， 其他位不变
 0030  E6 61			    out 61h, al
 0032  58			    pop ax
 0033  3C 1B			    cmp al, 1bh  ; 判断是否为 ESC 键（对应 ASCII 码 1bh）
 0035  75 CD			    jne again  ; 不是 ESC， 继续； 否则程序执行结束
				exit 0
 0037  B8 4C00		     1		mov ax,4c00h+0
 003A  CD 21		     1		int 21h

				end start 
Microsoft (R) Macro Assembler Version 6.15.8803		    05/20/25 00:22:45
ex0807.asm						     Symbols 2 - 1




Macros:

                N a m e                 Type

exit . . . . . . . . . . . . . .	Proc


Segments and Groups:

                N a m e                 Size     Length   Align   Combine Class

DGROUP . . . . . . . . . . . . .	GROUP
_DATA  . . . . . . . . . . . . .	16 Bit	 0010	  Word	  Public  'DATA'	
STACK  . . . . . . . . . . . . .	16 Bit	 0400	  Para	  Stack	  'STACK'	 
_TEXT  . . . . . . . . . . . . .	16 Bit	 003C	  Word	  Public  'CODE'	


Symbols:

                N a m e                 Type     Value    Attr

@CodeSize  . . . . . . . . . . .	Number	 0000h	 
@DataSize  . . . . . . . . . . .	Number	 0000h	 
@Interface . . . . . . . . . . .	Number	 0000h	 
@Model . . . . . . . . . . . . .	Number	 0002h	 
@code  . . . . . . . . . . . . .	Text   	 _TEXT
@data  . . . . . . . . . . . . .	Text   	 DGROUP
@fardata?  . . . . . . . . . . .	Text   	 FAR_BSS
@fardata . . . . . . . . . . . .	Text   	 FAR_DATA
@stack . . . . . . . . . . . . .	Text   	 DGROUP
again  . . . . . . . . . . . . .	L Near	 0004	  _TEXT	
dispbb . . . . . . . . . . . . .	L Near	 0000	  External
dispbd . . . . . . . . . . . . .	L Near	 0000	  External
dispbw . . . . . . . . . . . . .	L Near	 0000	  External
dispcrlf . . . . . . . . . . . .	L Near	 0000	  External
dispc  . . . . . . . . . . . . .	L Near	 0000	  External
disphb . . . . . . . . . . . . .	L Near	 0000	  External
disphd . . . . . . . . . . . . .	L Near	 0000	  External
disphw . . . . . . . . . . . . .	L Near	 0000	  External
dispmsg  . . . . . . . . . . . .	L Near	 0000	  External
disprb . . . . . . . . . . . . .	L Near	 0000	  External
disprd . . . . . . . . . . . . .	L Near	 0000	  External
disprf . . . . . . . . . . . . .	L Near	 0000	  External
disprw . . . . . . . . . . . . .	L Near	 0000	  External
dispsib  . . . . . . . . . . . .	L Near	 0000	  External
dispsid  . . . . . . . . . . . .	L Near	 0000	  External
dispsiw  . . . . . . . . . . . .	L Near	 0000	  External
dispuib  . . . . . . . . . . . .	L Near	 0000	  External
dispuid  . . . . . . . . . . . .	L Near	 0000	  External
dispuiw  . . . . . . . . . . . .	L Near	 0000	  External
next . . . . . . . . . . . . . .	L Near	 002B	  _TEXT	
readbb . . . . . . . . . . . . .	L Near	 0000	  External
readbd . . . . . . . . . . . . .	L Near	 0000	  External
readbw . . . . . . . . . . . . .	L Near	 0000	  External
readc  . . . . . . . . . . . . .	L Near	 0000	  External
readhb . . . . . . . . . . . . .	L Near	 0000	  External
readhd . . . . . . . . . . . . .	L Near	 0000	  External
readhw . . . . . . . . . . . . .	L Near	 0000	  External
readmsg  . . . . . . . . . . . .	L Near	 0000	  External
readsib  . . . . . . . . . . . .	L Near	 0000	  External
readsid  . . . . . . . . . . . .	L Near	 0000	  External
readsiw  . . . . . . . . . . . .	L Near	 0000	  External
readuib  . . . . . . . . . . . .	L Near	 0000	  External
readuid  . . . . . . . . . . . .	L Near	 0000	  External
readuiw  . . . . . . . . . . . .	L Near	 0000	  External
start  . . . . . . . . . . . . .	L Near	 0000	  _TEXT	
table  . . . . . . . . . . . . .	Word	 0000	  _DATA	

	   0 Warnings
	   0 Errors
